# JRE version: OpenJDK Runtime Environment (8.0_152-b02) (build 1.8.0_152-release-1024-b02)
# Java VM: OpenJDK 64-Bit Server VM (25.152-b02 mixed mode windows-amd64 compressed oops)
Heap:
 PSYoungGen      total 130048K, used 60710K [0x00000000d5580000, 0x00000000de300000, 0x0000000100000000)
  eden space 121344K, 50% used [0x00000000d5580000,0x00000000d90c9b48,0x00000000dcc00000)
  from space 8704K, 0% used [0x00000000dda80000,0x00000000dda80000,0x00000000de300000)
  to   space 11776K, 0% used [0x00000000dcc00000,0x00000000dcc00000,0x00000000dd780000)
 ParOldGen       total 79872K, used 35602K [0x0000000080000000, 0x0000000084e00000, 0x00000000d5580000)
  object space 79872K, 44% used [0x0000000080000000,0x00000000822c4850,0x0000000084e00000)
 Metaspace       used 61694K, capacity 63400K, committed 63448K, reserved 1103872K
  class space    used 8256K, capacity 8693K, committed 8704K, reserved 1048576K
GC Heap History (10 events):
Event: 35.443 GC heap before
{Heap before GC invocations=19 (full 2):
 PSYoungGen      total 79872K, used 79754K [0x00000000d5580000, 0x00000000dab00000, 0x0000000100000000)
  eden space 75264K, 100% used [0x00000000d5580000,0x00000000d9f00000,0x00000000d9f00000)
  from space 4608K, 97% used [0x00000000da680000,0x00000000daae2a40,0x00000000dab00000)
  to   space 5632K, 0% used [0x00000000da000000,0x00000000da000000,0x00000000da580000)
 ParOldGen       total 47104K, used 15517K [0x0000000080000000, 0x0000000082e00000, 0x00000000d5580000)
  object space 47104K, 32% used [0x0000000080000000,0x0000000080f276c0,0x0000000082e00000)
 Metaspace       used 42797K, capacity 43728K, committed 43864K, reserved 1087488K
  class space    used 5914K, capacity 6181K, committed 6272K, reserved 1048576K
Event: 35.784 GC heap after
Heap after GC invocations=19 (full 2):
 PSYoungGen      total 81920K, used 5628K [0x00000000d5580000, 0x00000000dc680000, 0x0000000100000000)
  eden space 76288K, 0% used [0x00000000d5580000,0x00000000d5580000,0x00000000da000000)
  from space 5632K, 99% used [0x00000000da000000,0x00000000da57f300,0x00000000da580000)
  to   space 8704K, 0% used [0x00000000dbe00000,0x00000000dbe00000,0x00000000dc680000)
 ParOldGen       total 47104K, used 21714K [0x0000000080000000, 0x0000000082e00000, 0x00000000d5580000)
  object space 47104K, 46% used [0x0000000080000000,0x0000000081534848,0x0000000082e00000)
 Metaspace       used 42797K, capacity 43728K, committed 43864K, reserved 1087488K
  class space    used 5914K, capacity 6181K, committed 6272K, reserved 1048576K
}
Event: 41.559 GC heap before
{Heap before GC invocations=20 (full 2):
 PSYoungGen      total 81920K, used 81916K [0x00000000d5580000, 0x00000000dc680000, 0x0000000100000000)
  eden space 76288K, 100% used [0x00000000d5580000,0x00000000da000000,0x00000000da000000)
  from space 5632K, 99% used [0x00000000da000000,0x00000000da57f300,0x00000000da580000)
  to   space 8704K, 0% used [0x00000000dbe00000,0x00000000dbe00000,0x00000000dc680000)
 ParOldGen       total 47104K, used 21714K [0x0000000080000000, 0x0000000082e00000, 0x00000000d5580000)
  object space 47104K, 46% used [0x0000000080000000,0x0000000081534848,0x0000000082e00000)
 Metaspace       used 48902K, capacity 50186K, committed 50520K, reserved 1093632K
  class space    used 6630K, capacity 6990K, committed 7040K, reserved 1048576K
Event: 41.589 GC heap after
Heap after GC invocations=20 (full 2):
 PSYoungGen      total 105984K, used 6195K [0x00000000d5580000, 0x00000000dc600000, 0x0000000100000000)
  eden space 97792K, 0% used [0x00000000d5580000,0x00000000d5580000,0x00000000db500000)
  from space 8192K, 75% used [0x00000000dbe00000,0x00000000dc40cd60,0x00000000dc600000)
  to   space 8704K, 0% used [0x00000000db500000,0x00000000db500000,0x00000000dbd80000)
 ParOldGen       total 47104K, used 27284K [0x0000000080000000, 0x0000000082e00000, 0x00000000d5580000)
  object space 47104K, 57% used [0x0000000080000000,0x0000000081aa5398,0x0000000082e00000)
 Metaspace       used 48902K, capacity 50186K, committed 50520K, reserved 1093632K
  class space    used 6630K, capacity 6990K, committed 7040K, reserved 1048576K
}
Event: 51.620 GC heap before
{Heap before GC invocations=21 (full 2):
 PSYoungGen      total 105984K, used 103987K [0x00000000d5580000, 0x00000000dc600000, 0x0000000100000000)
  eden space 97792K, 100% used [0x00000000d5580000,0x00000000db500000,0x00000000db500000)
  from space 8192K, 75% used [0x00000000dbe00000,0x00000000dc40cd60,0x00000000dc600000)
  to   space 8704K, 0% used [0x00000000db500000,0x00000000db500000,0x00000000dbd80000)
 ParOldGen       total 47104K, used 27284K [0x0000000080000000, 0x0000000082e00000, 0x00000000d5580000)
  object space 47104K, 57% used [0x0000000080000000,0x0000000081aa5398,0x0000000082e00000)
 Metaspace       used 54178K, capacity 55798K, committed 55896K, reserved 1097728K
  class space    used 7387K, capacity 7780K, committed 7808K, reserved 1048576K
Event: 51.705 GC heap after
Heap after GC invocations=21 (full 2):
 PSYoungGen      total 106496K, used 8672K [0x00000000d5580000, 0x00000000de680000, 0x0000000100000000)
  eden space 97792K, 0% used [0x00000000d5580000,0x00000000d5580000,0x00000000db500000)
  from space 8704K, 99% used [0x00000000db500000,0x00000000dbd78010,0x00000000dbd80000)
  to   space 12288K, 0% used [0x00000000dda80000,0x00000000dda80000,0x00000000de680000)
 ParOldGen       total 47104K, used 32799K [0x0000000080000000, 0x0000000082e00000, 0x00000000d5580000)
  object space 47104K, 69% used [0x0000000080000000,0x0000000082007ce8,0x0000000082e00000)
 Metaspace       used 54178K, capacity 55798K, committed 55896K, reserved 1097728K
  class space    used 7387K, capacity 7780K, committed 7808K, reserved 1048576K
}
Event: 70.540 GC heap before
{Heap before GC invocations=22 (full 2):
 PSYoungGen      total 106496K, used 97010K [0x00000000d5580000, 0x00000000de680000, 0x0000000100000000)
  eden space 97792K, 90% used [0x00000000d5580000,0x00000000dabc4a98,0x00000000db500000)
  from space 8704K, 99% used [0x00000000db500000,0x00000000dbd78010,0x00000000dbd80000)
  to   space 12288K, 0% used [0x00000000dda80000,0x00000000dda80000,0x00000000de680000)
 ParOldGen       total 47104K, used 32799K [0x0000000080000000, 0x0000000082e00000, 0x00000000d5580000)
  object space 47104K, 69% used [0x0000000080000000,0x0000000082007ce8,0x0000000082e00000)
 Metaspace       used 57277K, capacity 58984K, committed 59028K, reserved 1099776K
  class space    used 7738K, capacity 8181K, committed 8192K, reserved 1048576K
Event: 70.569 GC heap after
Heap after GC invocations=22 (full 2):
 PSYoungGen      total 130048K, used 6368K [0x00000000d5580000, 0x00000000de300000, 0x0000000100000000)
  eden space 121344K, 0% used [0x00000000d5580000,0x00000000d5580000,0x00000000dcc00000)
  from space 8704K, 73% used [0x00000000dda80000,0x00000000de0b80f0,0x00000000de300000)
  to   space 11776K, 0% used [0x00000000dcc00000,0x00000000dcc00000,0x00000000dd780000)
 ParOldGen       total 47104K, used 38764K [0x0000000080000000, 0x0000000082e00000, 0x00000000d5580000)
  object space 47104K, 82% used [0x0000000080000000,0x00000000825db1f8,0x0000000082e00000)
 Metaspace       used 57277K, capacity 58984K, committed 59028K, reserved 1099776K
  class space    used 7738K, capacity 8181K, committed 8192K, reserved 1048576K
}
Event: 70.569 GC heap before
{Heap before GC invocations=23 (full 3):
 PSYoungGen      total 130048K, used 6368K [0x00000000d5580000, 0x00000000de300000, 0x0000000100000000)
  eden space 121344K, 0% used [0x00000000d5580000,0x00000000d5580000,0x00000000dcc00000)
  from space 8704K, 73% used [0x00000000dda80000,0x00000000de0b80f0,0x00000000de300000)
  to   space 11776K, 0% used [0x00000000dcc00000,0x00000000dcc00000,0x00000000dd780000)
 ParOldGen       total 47104K, used 38764K [0x0000000080000000, 0x0000000082e00000, 0x00000000d5580000)
  object space 47104K, 82% used [0x0000000080000000,0x00000000825db1f8,0x0000000082e00000)
 Metaspace       used 57277K, capacity 58984K, committed 59028K, reserved 1099776K
  class space    used 7738K, capacity 8181K, committed 8192K, reserved 1048576K
Event: 70.968 GC heap after
Heap after GC invocations=23 (full 3):
 PSYoungGen      total 130048K, used 0K [0x00000000d5580000, 0x00000000de300000, 0x0000000100000000)
  eden space 121344K, 0% used [0x00000000d5580000,0x00000000d5580000,0x00000000dcc00000)
  from space 8704K, 0% used [0x00000000dda80000,0x00000000dda80000,0x00000000de300000)
  to   space 11776K, 0% used [0x00000000dcc00000,0x00000000dcc00000,0x00000000dd780000)
 ParOldGen       total 79872K, used 35602K [0x0000000080000000, 0x0000000084e00000, 0x00000000d5580000)
  object space 79872K, 44% used [0x0000000080000000,0x00000000822c4850,0x0000000084e00000)
 Metaspace       used 57277K, capacity 58984K, committed 59028K, reserved 1099776K
  class space    used 7738K, capacity 8181K, committed 8192K, reserved 1048576K
}

